<?xml version="1.0" encoding="utf-8"?><testsuites name="pytest tests"><testsuite name="pytest" errors="0" failures="0" skipped="0" tests="61" time="2.886" timestamp="2026-09-11T02:39:55.676248+09:00" hostname="DESKTOP-MAIN"><testcase classname="tests.test_generate_baby_manual.ManualTests" name="test_atomic_single_document_and_overwrite_protection" time="0.092" /><testcase classname="tests.test_generate_baby_manual.ManualTests" name="test_bottle_component_care_is_not_generalized" time="0.001" /><testcase classname="tests.test_generate_baby_manual.ManualTests" name="test_bundle_requires_one_selection" time="0.001" /><testcase classname="tests.test_generate_baby_manual.ManualTests" name="test_conflict_and_bad_status_rejected" time="0.002" /><testcase classname="tests.test_generate_baby_manual.ManualTests" name="test_inconsistent_repeated_limit_rejected" time="0.001" /><testcase classname="tests.test_generate_baby_manual.ManualTests" name="test_inconsistent_stop_rejected" time="0.001" /><testcase classname="tests.test_generate_baby_manual.ManualTests" name="test_mapping_and_tamper_detection" time="0.001" /><testcase classname="tests.test_generate_baby_manual.ManualTests" name="test_profile_is_product_bound_and_state_checked" time="0.001" /><testcase classname="tests.test_generate_baby_manual.ManualTests" name="test_reference_and_real_product_rejected" time="0.001" /><testcase classname="tests.test_generate_baby_manual.ManualTests" name="test_sample_reproducible_and_no_fabricated_procedure" time="0.001" /><testcase classname="tests.test_generate_baby_manual.ManualTests" name="test_unknown_condition_not_silently_dropped" time="0.001" /><testcase classname="tests.test_generate_baby_manual.ManualTests" name="test_unknown_is_not_false" time="0.001" /><testcase classname="tests.test_pipeline_smoke" name="test_computer_pass_runs_end_to_end" time="0.007" /><testcase classname="tests.test_pipeline_smoke" name="test_computer_research_triggers_retry_then_passes" time="0.003" /><testcase classname="tests.test_rag" name="test_manual_conditions_and_exact_locators" time="0.002" /><testcase classname="tests.test_rag" name="test_answer_ledger_not_read" time="0.073" /><testcase classname="tests.test_rag" name="test_changed_artifact_rejected[manual.md]" time="0.063" /><testcase classname="tests.test_rag" name="test_changed_artifact_rejected[mapping.json]" time="0.039" /><testcase classname="tests.test_rag" name="test_local_embedding_is_deterministic_and_explicit" time="0.002" /><testcase classname="tests.test_rag" name="test_invalid_vectors_rejected[vector0]" time="0.001" /><testcase classname="tests.test_rag" name="test_invalid_vectors_rejected[vector1]" time="0.000" /><testcase classname="tests.test_rag" name="test_invalid_vectors_rejected[vector2]" time="0.000" /><testcase classname="tests.test_rag" name="test_invalid_vectors_rejected[vector3]" time="0.000" /><testcase classname="tests.test_rag" name="test_invalid_vectors_rejected[vector4]" time="0.000" /><testcase classname="tests.test_rag" name="test_bedrock_request_contract_and_body_close" time="0.001" /><testcase classname="tests.test_rag" name="test_bedrock_outage_never_falls_back" time="0.001" /><testcase classname="tests.test_rag" name="test_invalid_scope[overrides0]" time="0.000" /><testcase classname="tests.test_rag" name="test_invalid_scope[overrides1]" time="0.000" /><testcase classname="tests.test_rag" name="test_invalid_scope[overrides2]" time="0.000" /><testcase classname="tests.test_rag" name="test_invalid_scope[overrides3]" time="0.000" /><testcase classname="tests.test_rag" name="test_invalid_scope[overrides4]" time="0.000" /><testcase classname="tests.test_rag_postgres" name="test_manual_query_evaluation_and_trace" time="0.418" /><testcase classname="tests.test_rag_postgres" name="test_idempotent_reingestion" time="0.051" /><testcase classname="tests.test_rag_postgres" name="test_visibility_before_search_and_old_citation[access_scope='internal']" time="0.061" /><testcase classname="tests.test_rag_postgres" name="test_visibility_before_search_and_old_citation[scan_status='rejected']" time="0.058" /><testcase classname="tests.test_rag_postgres" name="test_visibility_before_search_and_old_citation[storage_status='quarantined']" time="0.052" /><testcase classname="tests.test_rag_postgres" name="test_visibility_before_search_and_old_citation[use_policy='{}'::jsonb]" time="0.057" /><testcase classname="tests.test_rag_postgres" name="test_visibility_before_search_and_old_citation[use_policy='{&quot;allow_rag&quot;:true,&quot;allow_excerpt&quot;:false}'::jsonb]" time="0.054" /><testcase classname="tests.test_rag_postgres" name="test_revocation_preserves_trace_but_blocks_evidence" time="0.066" /><testcase classname="tests.test_rag_postgres" name="test_permission_rechecked_between_search_and_citation" time="0.041" /><testcase classname="tests.test_rag_postgres" name="test_applicability_and_required_context" time="0.061" /><testcase classname="tests.test_rag_postgres" name="test_embedding_failure_is_logged_as_error" time="0.038" /><testcase classname="tests.test_rag_postgres" name="test_profile_mismatch_and_corpus_isolation" time="0.043" /><testcase classname="tests.test_rag_postgres" name="test_failed_embedding_does_not_change_publication" time="0.044" /><testcase classname="tests.test_rag_postgres" name="test_new_revision_excludes_old_chunks_and_rejects_rollback" time="0.076" /><testcase classname="tests.test_rag_postgres" name="test_seat_boundary_conditions_are_conjunctive[6-22-True-pass]" time="0.069" /><testcase classname="tests.test_rag_postgres" name="test_seat_boundary_conditions_are_conjunctive[5-10-True-fail]" time="0.077" /><testcase classname="tests.test_rag_postgres" name="test_seat_boundary_conditions_are_conjunctive[6-22.1-True-fail]" time="0.071" /><testcase classname="tests.test_rag_postgres" name="test_seat_boundary_conditions_are_conjunctive[8-12-False-fail]" time="0.072" /><testcase classname="tests.test_rag_postgres" name="test_seat_boundary_conditions_are_conjunctive[8-12-None-unknown]" time="0.081" /><testcase classname="tests.test_rag_postgres" name="test_seat_boundary_conditions_are_conjunctive[None-12-True-unknown]" time="0.076" /><testcase classname="tests.test_rag_postgres" name="test_seat_boundary_conditions_are_conjunctive[8-None-True-unknown]" time="0.076" /><testcase classname="tests.test_rag_postgres" name="test_seat_boundary_conditions_are_conjunctive[True-12-True-unknown]" time="0.083" /><testcase classname="tests.test_rag_postgres" name="test_seat_boundary_conditions_are_conjunctive[8-nan-True-unknown]" time="0.070" /><testcase classname="tests.test_rag_postgres" name="test_unreviewed_manual_cannot_produce_pass" time="0.055" /><testcase classname="tests.test_rag_postgres" name="test_sql_failure_is_error_and_run_survives_savepoint" time="0.033" /><testcase classname="tests.test_rag_postgres" name="test_conflicting_reviewed_conditions_do_not_pass" time="0.114" /><testcase classname="tests.test_rag_postgres" name="test_engine_consumers_use_real_manual_evidence" time="0.083" /></testsuite></testsuites>